{
  "RSpec": {
    "coverage": {
      "/Users/jasony/VMop/tmp/lru-cacher/lib/lru-cacher.rb": [
        null,
        null,
        null,
        19,
        19,
        19,
        null,
        null,
        null,
        93,
        93,
        93,
        93,
        93,
        93,
        8,
        null,
        null,
        null,
        null,
        null,
        null,
        null,
        null,
        6,
        6,
        6,
        2,
        null,
        2,
        2,
        2,
        null,
        2,
        2,
        2,
        2,
        null,
        6,
        null,
        null,
        null,
        null,
        17,
        17,
        17,
        null,
        null,
        12,
        null,
        3,
        null,
        2,
        2,
        null,
        19
      ],
      "/Users/jasony/VMop/tmp/lru-cacher/lib/lru-cacher/item_limited.rb": [
        1,
        1,
        1,
        10,
        10,
        null,
        null,
        1,
        49
      ],
      "/Users/jasony/VMop/tmp/lru-cacher/lib/lru-cacher/memory_limited_java.rb": [
        null,
        null,
        null,
        null,
        null,
        null,
        9,
        9,
        9,
        null,
        null,
        null,
        132,
        null,
        null,
        null,
        null,
        null,
        null,
        null,
        null,
        6
      ],
      "/Users/jasony/VMop/tmp/lru-cacher/lib/lru-cacher/node.rb": [
        1,
        1,
        1,
        null,
        1,
        97,
        97,
        97,
        97
      ]
    },
    "timestamp": 1464748828
  }
}
