{
  "RSpec": {
    "coverage": {
      "/Users/jasony/VMop/tmp/lru-cacher/lib/lru-cacher.rb": [
        1,
        1,
        1,
        19,
        19,
        19,
        null,
        null,
        1,
        51,
        51,
        51,
        51,
        51,
        51,
        6,
        null,
        null,
        null,
        1,
        0,
        null,
        null,
        1,
        6,
        6,
        6,
        2,
        2,
        2,
        null,
        2,
        null,
        2,
        2,
        2,
        2,
        null,
        6,
        null,
        null,
        null,
        1,
        17,
        17,
        17,
        12,
        null,
        3,
        null,
        2,
        2,
        null,
        17
      ],
      "/Users/jasony/VMop/tmp/lru-cacher/lib/lru-cacher/item_limited.rb": [
        1,
        1,
        1,
        10,
        10,
        null,
        null,
        1,
        49
      ],
      "/Users/jasony/VMop/tmp/lru-cacher/lib/lru-cacher/memory_limited.rb": [
        1,
        1,
        1,
        null,
        1,
        1,
        9,
        9,
        9,
        null,
        null,
        1,
        108,
        null,
        null,
        1,
        0,
        0,
        null,
        null,
        1,
        4,
        4
      ],
      "/Users/jasony/VMop/tmp/lru-cacher/lib/lru-cacher/node.rb": [
        1,
        1,
        1,
        null,
        1,
        51,
        51,
        51,
        51
      ]
    },
    "timestamp": 1464734322
  }
}
